
  ___  ____  ____  ____  ____ (R)
 /__    /   ____/   /   ____/
___/   /   /___/   /   /___/   14.2   Copyright 1985-2015 StataCorp LLC
  Statistics/Data Analysis            StataCorp
                                      4905 Lakeway Drive
     MP - Parallel Edition            College Station, Texas 77845 USA
                                      800-STATA-PC        http://www.stata.com
                                      979-696-4600        stata@stata.com
                                      979-696-4601 (fax)

Single-user 8-core Stata perpetual license:
       Serial number:  10699393
         Licensed to:  Rafael
                       

Notes:
      1.  Stata is running in batch mode.
      2.  Unicode is supported; see help unicode_advice.
      3.  More than 2 billion observations are allowed; see help obs_advice.
      4.  Maximum number of variables is set to 5000; see help set_maxvar.

. do "load.do" 

. import delimited using "../input/Teleworkable_BNJDopinion.csv", clear case(pr
> eserve)
(3 vars, 462 obs)

. save "../output/Teleworkable_BNJDopinion.dta", replace
(note: file ../output/Teleworkable_BNJDopinion.dta not found)
file ../output/Teleworkable_BNJDopinion.dta saved

. 
end of do-file
