
  ___  ____  ____  ____  ____ (R)
 /__    /   ____/   /   ____/
___/   /   /___/   /   /___/   14.2   Copyright 1985-2015 StataCorp LLC
  Statistics/Data Analysis            StataCorp
                                      4905 Lakeway Drive
     MP - Parallel Edition            College Station, Texas 77845 USA
                                      800-STATA-PC        http://www.stata.com
                                      979-696-4600        stata@stata.com
                                      979-696-4601 (fax)

Single-user 8-core Stata perpetual license:
       Serial number:  10699393
         Licensed to:  Rafael
                       

Notes:
      1.  Stata is running in batch mode.
      2.  Unicode is supported; see help unicode_advice.
      3.  More than 2 billion observations are allowed; see help obs_advice.
      4.  Maximum number of variables is set to 5000; see help set_maxvar.

. do "maps.do" 

. 
. use "../input/MSA_2018_teleworkable_onet.dta", clear

. clonevar cbsa2013 = AREA

. recode cbsa2013 (70900=12700) (71650=14460) (78100=44140) (79600 = 49340) (70
> 750 = 12620) (71950 = 14860) (72400 = 15540) (73450 = 25540) (75700 = 35300) 
> (76450 = 35980) (76750 = 38860) (77200 = 39300) //Recode NECTAs to work with 
> CBSA 2013 maptile
(cbsa2013: 12 changes made)

. maptile teleworkable_emp, geo(cbsa2013) ndfcolor(white) rangecolor(red*0.2 re
> d*2.5) propcolor
command maptile is unrecognized
r(199);

end of do-file
r(199);
